<?xml version="1.0" encoding="UTF-8"?>
<testng-results ignored="0" total="1" passed="1" failed="0" skipped="0">
  <reporter-output>
  </reporter-output>
  <suite started-at="2022-08-27T23:59:47 IST" name="Default suite" finished-at="2022-08-27T23:59:49 IST" duration-ms="2400">
    <groups>
    </groups>
    <test started-at="2022-08-27T23:59:47 IST" name="Default test" finished-at="2022-08-27T23:59:49 IST" duration-ms="2400">
      <class name="com.qa.rest.tests.GetCallBDD">
        <test-method signature="CircuitTest()[pri:0, instance:com.qa.rest.tests.GetCallBDD@61386958]" started-at="2022-08-27T23:59:47 IST" name="CircuitTest" finished-at="2022-08-27T23:59:49 IST" duration-ms="2363" status="PASS">
          <reporter-output>
          </reporter-output>
        </test-method> <!-- CircuitTest -->
      </class> <!-- com.qa.rest.tests.GetCallBDD -->
    </test> <!-- Default test -->
  </suite> <!-- Default suite -->
</testng-results>
